<?xml version="1.0" encoding="UTF-8"?>
<!-- Generated by org.testng.reporters.JUnitReportReporter -->
<testsuite hostname="WDX2DJ0VG3" failures="0" tests="1" name="com.cogni.genc.testcases2.Validate_LoginPageTest" time="22.018" errors="0" timestamp="2023-12-25T22:47:57 IST" skipped="0">
  <testcase classname="com.cogni.genc.testcases2.Validate_LoginPageTest" name="testLogin" time="22.018"/>
</testsuite> <!-- com.cogni.genc.testcases2.Validate_LoginPageTest -->
