<?xml version="1.0" encoding="UTF-8"?>
<!-- Generated by org.testng.reporters.JUnitReportReporter -->
<testsuite hostname="WDX2DJ0VG3" failures="0" tests="1" name="com.cogni.genc.testcases2.Validate_AccountRegistration" time="11.205" errors="0" timestamp="2023-12-27T17:00:06 IST" skipped="0">
  <testcase classname="com.cogni.genc.testcases2.Validate_AccountRegistration" name="check_EnterDetails" time="11.205"/>
</testsuite> <!-- com.cogni.genc.testcases2.Validate_AccountRegistration -->
